2025-11-26 21:27:29,088 - __main__ - INFO - Application started
2025-11-26 21:27:29,356 - __main__ - INFO - Getting upload summary
2025-11-26 21:27:29,356 - __main__ - INFO - Database directory initialized: data
2025-11-26 21:27:29,360 - __main__ - INFO - Database schema initialized successfully
2025-11-26 21:27:29,405 - __main__ - INFO - Retrieved summary with 1 uploads
2025-11-26 21:27:34,881 - __main__ - INFO - Application started
2025-11-26 21:27:34,884 - __main__ - INFO - Getting upload summary
2025-11-26 21:27:34,885 - __main__ - INFO - Database directory initialized: data
2025-11-26 21:27:34,885 - __main__ - INFO - Database schema initialized successfully
2025-11-26 21:27:34,926 - __main__ - INFO - Retrieved summary with 1 uploads
2025-11-26 21:27:34,931 - __main__ - INFO - Loading all data from database
2025-11-26 21:27:34,932 - __main__ - INFO - Database directory initialized: data
2025-11-26 21:27:34,933 - __main__ - INFO - Database schema initialized successfully
2025-11-26 21:27:35,148 - __main__ - INFO - Loaded 31113 rows from database
2025-11-26 21:27:35,339 - __main__ - INFO - Preparing download files
2025-11-26 21:27:35,466 - __main__ - INFO - Converting DataFrame to Excel: 31113 rows
2025-11-26 21:27:40,862 - __main__ - INFO - Excel conversion successful
2025-11-26 21:27:40,882 - __main__ - INFO - Download buttons prepared successfully
2025-11-26 21:28:17,889 - __main__ - INFO - Application started
2025-11-26 21:28:17,893 - __main__ - INFO - Getting upload summary
2025-11-26 21:28:17,894 - __main__ - INFO - Database directory initialized: data
2025-11-26 21:28:17,895 - __main__ - INFO - Database schema initialized successfully
2025-11-26 21:28:17,941 - __main__ - INFO - Retrieved summary with 1 uploads
2025-11-26 21:28:17,944 - __main__ - INFO - Loading all data from database
2025-11-26 21:28:17,945 - __main__ - INFO - Database directory initialized: data
2025-11-26 21:28:17,946 - __main__ - INFO - Database schema initialized successfully
2025-11-26 21:28:18,194 - __main__ - INFO - Loaded 31113 rows from database
2025-11-26 21:28:18,254 - __main__ - INFO - Preparing download files
2025-11-26 21:28:18,256 - __main__ - INFO - Converting DataFrame to Excel: 173 rows
2025-11-26 21:28:18,335 - __main__ - INFO - Excel conversion successful
2025-11-26 21:28:18,337 - __main__ - INFO - Download buttons prepared successfully
2025-11-26 21:28:19,571 - __main__ - INFO - Application started
2025-11-26 21:28:19,575 - __main__ - INFO - Getting upload summary
2025-11-26 21:28:19,576 - __main__ - INFO - Database directory initialized: data
2025-11-26 21:28:19,577 - __main__ - INFO - Database schema initialized successfully
2025-11-26 21:28:19,623 - __main__ - INFO - Retrieved summary with 1 uploads
2025-11-26 21:28:19,628 - __main__ - INFO - Loading all data from database
2025-11-26 21:28:19,628 - __main__ - INFO - Database directory initialized: data
2025-11-26 21:28:19,630 - __main__ - INFO - Database schema initialized successfully
2025-11-26 21:28:19,865 - __main__ - INFO - Loaded 31113 rows from database
2025-11-26 21:28:20,542 - __main__ - INFO - Preparing download files
2025-11-26 21:28:20,545 - __main__ - INFO - Converting DataFrame to Excel: 173 rows
2025-11-26 21:28:20,629 - __main__ - INFO - Excel conversion successful
2025-11-26 21:28:20,632 - __main__ - INFO - Download buttons prepared successfully
2025-11-26 21:35:01,866 - __main__ - INFO - Application started
2025-11-26 21:35:02,128 - __main__ - INFO - Getting upload summary
2025-11-26 21:35:02,128 - __main__ - INFO - Database directory initialized: data
2025-11-26 21:35:02,129 - __main__ - INFO - Database schema initialized successfully
2025-11-26 21:35:02,180 - __main__ - INFO - Retrieved summary with 1 uploads
2025-11-26 21:35:06,641 - __main__ - INFO - Application started
2025-11-26 21:35:06,650 - __main__ - INFO - Getting upload summary
2025-11-26 21:35:06,650 - __main__ - INFO - Database directory initialized: data
2025-11-26 21:35:06,651 - __main__ - INFO - Database schema initialized successfully
2025-11-26 21:35:06,698 - __main__ - INFO - Retrieved summary with 1 uploads
2025-11-26 21:35:06,704 - __main__ - INFO - Loading all data from database
2025-11-26 21:35:06,704 - __main__ - INFO - Database directory initialized: data
2025-11-26 21:35:06,705 - __main__ - INFO - Database schema initialized successfully
2025-11-26 21:35:06,912 - __main__ - INFO - Loaded 31113 rows from database
2025-11-26 21:35:07,084 - __main__ - INFO - Preparing download files
2025-11-26 21:35:07,222 - __main__ - INFO - Converting DataFrame to Excel: 31113 rows
2025-11-26 21:35:11,613 - __main__ - INFO - Application started
2025-11-26 21:35:11,720 - __main__ - INFO - Getting upload summary
2025-11-26 21:35:11,798 - __main__ - INFO - Database directory initialized: data
2025-11-26 21:35:11,830 - __main__ - INFO - Database schema initialized successfully
2025-11-26 21:35:11,892 - __main__ - INFO - Retrieved summary with 1 uploads
2025-11-26 21:35:11,897 - __main__ - INFO - Loading all data from database
2025-11-26 21:35:11,899 - __main__ - INFO - Database directory initialized: data
2025-11-26 21:35:11,917 - __main__ - INFO - Database schema initialized successfully
2025-11-26 21:35:12,751 - __main__ - INFO - Loaded 31113 rows from database
2025-11-26 21:35:12,862 - __main__ - WARNING - Chart display attempted without filters
2025-11-26 21:35:12,930 - __main__ - INFO - Preparing download files
2025-11-26 21:35:13,079 - __main__ - INFO - Converting DataFrame to Excel: 31113 rows
2025-11-26 21:35:18,169 - __main__ - INFO - Excel conversion successful
2025-11-26 21:35:18,416 - __main__ - INFO - Excel conversion successful
2025-11-26 21:35:18,438 - __main__ - INFO - Download buttons prepared successfully
2025-11-26 21:35:18,852 - __main__ - INFO - Application started
2025-11-26 21:35:18,857 - __main__ - INFO - Getting upload summary
2025-11-26 21:35:18,858 - __main__ - INFO - Database directory initialized: data
2025-11-26 21:35:18,859 - __main__ - INFO - Database schema initialized successfully
2025-11-26 21:35:18,913 - __main__ - INFO - Retrieved summary with 1 uploads
2025-11-26 21:35:18,919 - __main__ - INFO - Loading all data from database
2025-11-26 21:35:18,919 - __main__ - INFO - Database directory initialized: data
2025-11-26 21:35:18,921 - __main__ - INFO - Database schema initialized successfully
2025-11-26 21:35:19,136 - __main__ - INFO - Loaded 31113 rows from database
2025-11-26 21:35:19,305 - __main__ - INFO - Preparing download files
2025-11-26 21:35:19,461 - __main__ - INFO - Converting DataFrame to Excel: 31113 rows
2025-11-26 21:35:21,135 - __main__ - INFO - Application started
2025-11-26 21:35:21,310 - __main__ - INFO - Getting upload summary
2025-11-26 21:35:21,378 - __main__ - INFO - Database directory initialized: data
2025-11-26 21:35:21,440 - __main__ - INFO - Database schema initialized successfully
2025-11-26 21:35:21,568 - __main__ - INFO - Retrieved summary with 1 uploads
2025-11-26 21:35:21,632 - __main__ - INFO - Loading all data from database
2025-11-26 21:35:21,678 - __main__ - INFO - Database directory initialized: data
2025-11-26 21:35:21,757 - __main__ - INFO - Database schema initialized successfully
2025-11-26 21:35:24,983 - __main__ - INFO - Loaded 31113 rows from database
2025-11-26 21:35:25,070 - __main__ - WARNING - Chart display attempted without filters
2025-11-26 21:35:25,128 - __main__ - INFO - Preparing download files
2025-11-26 21:35:25,276 - __main__ - INFO - Converting DataFrame to Excel: 31113 rows
2025-11-26 21:35:28,841 - __main__ - INFO - Application started
2025-11-26 21:35:28,872 - __main__ - INFO - Getting upload summary
2025-11-26 21:35:28,920 - __main__ - INFO - Database directory initialized: data
2025-11-26 21:35:28,998 - __main__ - INFO - Database schema initialized successfully
2025-11-26 21:35:29,220 - __main__ - INFO - Retrieved summary with 1 uploads
2025-11-26 21:35:30,669 - __main__ - INFO - Excel conversion successful
2025-11-26 21:35:30,956 - __main__ - INFO - Excel conversion successful
2025-11-26 21:35:30,977 - __main__ - INFO - Download buttons prepared successfully
2025-11-26 21:35:35,259 - __main__ - INFO - Application started
2025-11-26 21:35:35,263 - __main__ - INFO - Getting upload summary
2025-11-26 21:35:35,264 - __main__ - INFO - Database directory initialized: data
2025-11-26 21:35:35,265 - __main__ - INFO - Database schema initialized successfully
2025-11-26 21:35:35,308 - __main__ - INFO - Retrieved summary with 1 uploads
2025-11-26 21:35:35,313 - __main__ - INFO - Loading all data from database
2025-11-26 21:35:35,313 - __main__ - INFO - Database directory initialized: data
2025-11-26 21:35:35,314 - __main__ - INFO - Database schema initialized successfully
2025-11-26 21:35:35,527 - __main__ - INFO - Loaded 31113 rows from database
2025-11-26 21:35:35,574 - __main__ - INFO - Displaying chart with 173 rows
2025-11-26 21:35:35,964 - __main__ - INFO - Preparing download files
2025-11-26 21:35:35,966 - __main__ - INFO - Converting DataFrame to Excel: 173 rows
2025-11-26 21:35:36,039 - __main__ - INFO - Excel conversion successful
2025-11-26 21:35:36,040 - __main__ - INFO - Download buttons prepared successfully
2025-11-26 21:38:55,152 - __main__ - INFO - Application started
2025-11-26 21:38:55,152 - __main__ - INFO - Application started
2025-11-26 21:38:55,163 - __main__ - INFO - Getting upload summary
2025-11-26 21:38:55,164 - __main__ - INFO - Database directory initialized: data
2025-11-26 21:38:55,166 - __main__ - INFO - Database schema initialized successfully
2025-11-26 21:38:55,226 - __main__ - INFO - Retrieved summary with 1 uploads
2025-11-26 21:38:55,611 - __main__ - INFO - Application started
2025-11-26 21:38:55,617 - __main__ - INFO - Getting upload summary
2025-11-26 21:38:55,617 - __main__ - INFO - Database directory initialized: data
2025-11-26 21:38:55,618 - __main__ - INFO - Database schema initialized successfully
2025-11-26 21:38:55,634 - __main__ - INFO - Getting upload summary
2025-11-26 21:38:55,634 - __main__ - INFO - Database directory initialized: data
2025-11-26 21:38:55,635 - __main__ - INFO - Database schema initialized successfully
2025-11-26 21:38:55,668 - __main__ - INFO - Retrieved summary with 1 uploads
2025-11-26 21:38:55,700 - __main__ - INFO - Retrieved summary with 1 uploads
2025-11-26 21:38:59,869 - __main__ - INFO - Application started
2025-11-26 21:38:59,874 - __main__ - INFO - Getting upload summary
2025-11-26 21:38:59,875 - __main__ - INFO - Database directory initialized: data
2025-11-26 21:38:59,876 - __main__ - INFO - Database schema initialized successfully
2025-11-26 21:38:59,927 - __main__ - INFO - Retrieved summary with 1 uploads
2025-11-26 21:38:59,933 - __main__ - INFO - Loading all data from database
2025-11-26 21:38:59,935 - __main__ - INFO - Database directory initialized: data
2025-11-26 21:38:59,935 - __main__ - INFO - Database schema initialized successfully
2025-11-26 21:39:00,170 - __main__ - INFO - Loaded 31113 rows from database
2025-11-26 21:39:00,339 - __main__ - INFO - Preparing download files
2025-11-26 21:39:00,478 - __main__ - INFO - Converting DataFrame to Excel: 31113 rows
2025-11-26 21:39:05,771 - __main__ - INFO - Excel conversion successful
2025-11-26 21:39:05,792 - __main__ - INFO - Download buttons prepared successfully
2025-11-26 21:39:08,472 - __main__ - INFO - Application started
2025-11-26 21:39:08,477 - __main__ - INFO - Getting upload summary
2025-11-26 21:39:08,479 - __main__ - INFO - Database directory initialized: data
2025-11-26 21:39:08,480 - __main__ - INFO - Database schema initialized successfully
2025-11-26 21:39:08,527 - __main__ - INFO - Retrieved summary with 1 uploads
2025-11-26 21:39:08,530 - __main__ - INFO - Loading all data from database
2025-11-26 21:39:08,531 - __main__ - INFO - Database directory initialized: data
2025-11-26 21:39:08,532 - __main__ - INFO - Database schema initialized successfully
2025-11-26 21:39:08,751 - __main__ - INFO - Loaded 31113 rows from database
2025-11-26 21:39:08,824 - __main__ - INFO - Preparing download files
2025-11-26 21:39:08,825 - __main__ - INFO - Converting DataFrame to Excel: 173 rows
2025-11-26 21:39:08,897 - __main__ - INFO - Excel conversion successful
2025-11-26 21:39:08,899 - __main__ - INFO - Download buttons prepared successfully
2025-11-26 21:39:11,499 - __main__ - INFO - Application started
2025-11-26 21:39:11,504 - __main__ - INFO - Getting upload summary
2025-11-26 21:39:11,505 - __main__ - INFO - Database directory initialized: data
2025-11-26 21:39:11,505 - __main__ - INFO - Database schema initialized successfully
2025-11-26 21:39:11,553 - __main__ - INFO - Retrieved summary with 1 uploads
2025-11-26 21:39:11,559 - __main__ - INFO - Loading all data from database
2025-11-26 21:39:11,559 - __main__ - INFO - Database directory initialized: data
2025-11-26 21:39:11,561 - __main__ - INFO - Database schema initialized successfully
2025-11-26 21:39:11,780 - __main__ - INFO - Loaded 31113 rows from database
2025-11-26 21:39:11,830 - __main__ - INFO - Displaying chart with 173 rows
2025-11-26 21:39:12,212 - __main__ - INFO - Preparing download files
2025-11-26 21:39:12,215 - __main__ - INFO - Converting DataFrame to Excel: 173 rows
2025-11-26 21:39:12,300 - __main__ - INFO - Excel conversion successful
2025-11-26 21:39:12,303 - __main__ - INFO - Download buttons prepared successfully
2025-11-26 21:45:51,629 - __main__ - INFO - Application started
2025-11-26 21:45:51,896 - __main__ - INFO - Getting upload summary
2025-11-26 21:45:51,896 - __main__ - INFO - Database directory initialized: data
2025-11-26 21:45:51,897 - __main__ - INFO - Database schema initialized successfully
2025-11-26 21:45:51,939 - __main__ - INFO - Retrieved summary with 1 uploads
2025-11-26 21:45:57,444 - __main__ - INFO - Application started
2025-11-26 21:45:57,447 - __main__ - INFO - Getting upload summary
2025-11-26 21:45:57,448 - __main__ - INFO - Database directory initialized: data
2025-11-26 21:45:57,450 - __main__ - INFO - Database schema initialized successfully
2025-11-26 21:45:57,493 - __main__ - INFO - Retrieved summary with 1 uploads
2025-11-26 21:45:57,498 - __main__ - INFO - Loading all data from database
2025-11-26 21:45:57,498 - __main__ - INFO - Database directory initialized: data
2025-11-26 21:45:57,500 - __main__ - INFO - Database schema initialized successfully
2025-11-26 21:45:57,726 - __main__ - INFO - Loaded 31113 rows from database
2025-11-26 21:45:57,904 - __main__ - INFO - Preparing download files
2025-11-26 21:45:58,048 - __main__ - INFO - Converting DataFrame to Excel: 31113 rows
2025-11-26 21:46:03,620 - __main__ - INFO - Excel conversion successful
2025-11-26 21:46:03,641 - __main__ - INFO - Download buttons prepared successfully
2025-11-26 21:46:29,859 - __main__ - INFO - Application started
2025-11-26 21:46:29,863 - __main__ - INFO - Getting upload summary
2025-11-26 21:46:29,864 - __main__ - INFO - Database directory initialized: data
2025-11-26 21:46:29,865 - __main__ - INFO - Database schema initialized successfully
2025-11-26 21:46:29,905 - __main__ - INFO - Retrieved summary with 1 uploads
2025-11-26 21:46:29,909 - __main__ - INFO - Loading all data from database
2025-11-26 21:46:29,910 - __main__ - INFO - Database directory initialized: data
2025-11-26 21:46:29,911 - __main__ - INFO - Database schema initialized successfully
2025-11-26 21:46:30,155 - __main__ - INFO - Loaded 31113 rows from database
2025-11-26 21:46:30,322 - __main__ - INFO - Preparing download files
2025-11-26 21:46:30,455 - __main__ - INFO - Converting DataFrame to Excel: 31113 rows
2025-11-26 21:46:31,777 - __main__ - INFO - Application started
2025-11-26 21:46:31,856 - __main__ - INFO - Getting upload summary
2025-11-26 21:46:31,904 - __main__ - INFO - Database directory initialized: data
2025-11-26 21:46:32,015 - __main__ - INFO - Database schema initialized successfully
2025-11-26 21:46:32,141 - __main__ - INFO - Retrieved summary with 1 uploads
2025-11-26 21:46:35,814 - __main__ - INFO - Excel conversion successful
2025-11-26 21:46:35,840 - __main__ - INFO - Download buttons prepared successfully
2025-11-26 21:46:36,520 - __main__ - INFO - Application started
2025-11-26 21:46:36,524 - __main__ - INFO - Getting upload summary
2025-11-26 21:46:36,525 - __main__ - INFO - Database directory initialized: data
2025-11-26 21:46:36,526 - __main__ - INFO - Database schema initialized successfully
2025-11-26 21:46:36,565 - __main__ - INFO - Retrieved summary with 1 uploads
2025-11-26 21:46:38,605 - __main__ - INFO - Application started
2025-11-26 21:46:38,609 - __main__ - INFO - Getting upload summary
2025-11-26 21:46:38,609 - __main__ - INFO - Database directory initialized: data
2025-11-26 21:46:38,610 - __main__ - INFO - Database schema initialized successfully
2025-11-26 21:46:38,649 - __main__ - INFO - Retrieved summary with 1 uploads
2025-11-26 21:49:28,958 - __main__ - INFO - Application started
2025-11-26 21:49:28,958 - __main__ - INFO - Application started
2025-11-26 21:49:28,960 - __main__ - INFO - Application started
2025-11-26 21:49:28,960 - __main__ - INFO - Application started
2025-11-26 21:49:28,960 - __main__ - INFO - Application started
2025-11-26 21:49:28,978 - __main__ - INFO - Getting upload summary
2025-11-26 21:49:28,982 - __main__ - INFO - Getting upload summary
2025-11-26 21:49:28,982 - __main__ - INFO - Database directory initialized: data
2025-11-26 21:49:28,984 - __main__ - INFO - Getting upload summary
2025-11-26 21:49:28,984 - __main__ - INFO - Database directory initialized: data
2025-11-26 21:49:28,985 - __main__ - INFO - Getting upload summary
2025-11-26 21:49:28,985 - __main__ - INFO - Database directory initialized: data
2025-11-26 21:49:28,985 - __main__ - INFO - Database schema initialized successfully
2025-11-26 21:49:28,987 - __main__ - INFO - Database schema initialized successfully
2025-11-26 21:49:28,987 - __main__ - INFO - Database directory initialized: data
2025-11-26 21:49:28,989 - __main__ - INFO - Database schema initialized successfully
2025-11-26 21:49:28,993 - __main__ - INFO - Database schema initialized successfully
2025-11-26 21:49:29,067 - __main__ - INFO - Retrieved summary with 1 uploads
2025-11-26 21:49:29,113 - __main__ - INFO - Retrieved summary with 1 uploads
2025-11-26 21:49:29,115 - __main__ - INFO - Retrieved summary with 1 uploads
2025-11-26 21:49:29,115 - __main__ - INFO - Retrieved summary with 1 uploads
2025-11-26 21:49:29,717 - __main__ - INFO - Getting upload summary
2025-11-26 21:49:29,717 - __main__ - INFO - Database directory initialized: data
2025-11-26 21:49:29,718 - __main__ - INFO - Database schema initialized successfully
2025-11-26 21:49:29,757 - __main__ - INFO - Retrieved summary with 1 uploads
2025-11-26 21:49:58,872 - __main__ - INFO - Application started
2025-11-26 21:49:58,877 - __main__ - INFO - Getting upload summary
2025-11-26 21:49:58,878 - __main__ - INFO - Database directory initialized: data
2025-11-26 21:49:58,880 - __main__ - INFO - Database schema initialized successfully
2025-11-26 21:49:58,934 - __main__ - INFO - Retrieved summary with 1 uploads
2025-11-26 21:49:58,938 - __main__ - INFO - Loading all data from database
2025-11-26 21:49:58,938 - __main__ - INFO - Database directory initialized: data
2025-11-26 21:49:58,940 - __main__ - INFO - Database schema initialized successfully
2025-11-26 21:49:59,150 - __main__ - INFO - Loaded 31113 rows from database
2025-11-26 21:50:15,338 - __main__ - INFO - Application started
2025-11-26 21:50:15,342 - __main__ - INFO - Getting upload summary
2025-11-26 21:50:15,343 - __main__ - INFO - Database directory initialized: data
2025-11-26 21:50:15,343 - __main__ - INFO - Database schema initialized successfully
2025-11-26 21:50:15,383 - __main__ - INFO - Retrieved summary with 1 uploads
2025-11-26 21:50:15,387 - __main__ - INFO - Loading all data from database
2025-11-26 21:50:15,387 - __main__ - INFO - Database directory initialized: data
2025-11-26 21:50:15,388 - __main__ - INFO - Database schema initialized successfully
2025-11-26 21:50:15,602 - __main__ - INFO - Loaded 31113 rows from database
2025-11-26 21:52:24,209 - __main__ - INFO - Application started
2025-11-26 21:52:24,210 - __main__ - INFO - Application started
2025-11-26 21:52:24,211 - __main__ - INFO - Application started
2025-11-26 21:52:24,212 - __main__ - INFO - Application started
2025-11-26 21:52:24,235 - __main__ - INFO - Getting upload summary
2025-11-26 21:52:24,237 - __main__ - INFO - Getting upload summary
2025-11-26 21:52:24,237 - __main__ - INFO - Database directory initialized: data
2025-11-26 21:52:24,237 - __main__ - INFO - Getting upload summary
2025-11-26 21:52:24,238 - __main__ - INFO - Database directory initialized: data
2025-11-26 21:52:24,238 - __main__ - INFO - Database directory initialized: data
2025-11-26 21:52:24,241 - __main__ - INFO - Database schema initialized successfully
2025-11-26 21:52:24,241 - __main__ - INFO - Database schema initialized successfully
2025-11-26 21:52:24,241 - __main__ - INFO - Database schema initialized successfully
2025-11-26 21:52:24,299 - __main__ - INFO - Retrieved summary with 1 uploads
2025-11-26 21:52:24,299 - __main__ - INFO - Retrieved summary with 1 uploads
2025-11-26 21:52:24,311 - __main__ - INFO - Retrieved summary with 1 uploads
2025-11-26 21:52:24,916 - __main__ - INFO - Getting upload summary
2025-11-26 21:52:24,917 - __main__ - INFO - Database directory initialized: data
2025-11-26 21:52:24,918 - __main__ - INFO - Database schema initialized successfully
2025-11-26 21:52:24,968 - __main__ - INFO - Retrieved summary with 1 uploads
2025-11-26 21:52:25,631 - __main__ - INFO - Application started
2025-11-26 21:52:25,638 - __main__ - INFO - Getting upload summary
2025-11-26 21:52:25,639 - __main__ - INFO - Database directory initialized: data
2025-11-26 21:52:25,641 - __main__ - INFO - Database schema initialized successfully
2025-11-26 21:52:25,649 - __main__ - INFO - Application started
2025-11-26 21:52:25,657 - __main__ - INFO - Getting upload summary
2025-11-26 21:52:25,658 - __main__ - INFO - Database directory initialized: data
2025-11-26 21:52:25,659 - __main__ - INFO - Database schema initialized successfully
2025-11-26 21:52:25,720 - __main__ - INFO - Retrieved summary with 1 uploads
2025-11-26 21:52:25,780 - __main__ - INFO - Retrieved summary with 1 uploads
2025-11-26 21:54:06,862 - __main__ - INFO - Application started
2025-11-26 21:54:06,869 - __main__ - INFO - Getting upload summary
2025-11-26 21:54:06,870 - __main__ - INFO - Database directory initialized: data
2025-11-26 21:54:06,872 - __main__ - INFO - Database schema initialized successfully
2025-11-26 21:54:06,917 - __main__ - INFO - Retrieved summary with 1 uploads
2025-11-26 21:54:06,925 - __main__ - INFO - Loading all data from database
2025-11-26 21:54:06,926 - __main__ - INFO - Database directory initialized: data
2025-11-26 21:54:06,928 - __main__ - INFO - Database schema initialized successfully
2025-11-26 21:54:07,147 - __main__ - INFO - Loaded 31113 rows from database
2025-11-26 21:54:07,322 - __main__ - INFO - Preparing download files
2025-11-26 21:54:07,457 - __main__ - INFO - Converting DataFrame to Excel: 31113 rows
2025-11-26 21:54:13,077 - __main__ - INFO - Excel conversion successful
2025-11-26 21:54:13,101 - __main__ - INFO - Download buttons prepared successfully
2025-11-26 21:54:57,160 - __main__ - INFO - Application started
2025-11-26 21:54:57,166 - __main__ - INFO - Getting upload summary
2025-11-26 21:54:57,167 - __main__ - INFO - Database directory initialized: data
2025-11-26 21:54:57,168 - __main__ - INFO - Database schema initialized successfully
2025-11-26 21:54:57,220 - __main__ - INFO - Retrieved summary with 1 uploads
2025-11-26 21:54:57,224 - __main__ - INFO - Loading all data from database
2025-11-26 21:54:57,225 - __main__ - INFO - Database directory initialized: data
2025-11-26 21:54:57,226 - __main__ - INFO - Database schema initialized successfully
2025-11-26 21:54:57,450 - __main__ - INFO - Loaded 31113 rows from database
2025-11-26 21:54:57,551 - __main__ - WARNING - Chart display attempted without filters
2025-11-26 21:54:57,621 - __main__ - INFO - Preparing download files
2025-11-26 21:54:57,769 - __main__ - INFO - Converting DataFrame to Excel: 31113 rows
2025-11-26 21:55:03,166 - __main__ - INFO - Excel conversion successful
2025-11-26 21:55:03,187 - __main__ - INFO - Download buttons prepared successfully
2025-11-26 22:11:07,838 - __main__ - INFO - Application started
2025-11-26 22:11:08,097 - __main__ - INFO - Getting upload summary
2025-11-26 22:11:08,097 - __main__ - INFO - Database directory initialized: data
2025-11-26 22:11:08,098 - __main__ - INFO - Database schema initialized successfully
2025-11-26 22:11:08,150 - __main__ - INFO - Retrieved summary with 1 uploads
2025-11-26 22:12:31,589 - __main__ - INFO - Application started
2025-11-26 22:12:31,642 - __main__ - INFO - Application started
2025-11-26 22:12:31,649 - __main__ - INFO - Getting upload summary
2025-11-26 22:12:31,649 - __main__ - INFO - Database directory initialized: data
2025-11-26 22:12:31,651 - __main__ - INFO - Database schema initialized successfully
2025-11-26 22:12:31,707 - __main__ - INFO - Retrieved summary with 1 uploads
2025-11-26 22:12:32,087 - __main__ - INFO - Getting upload summary
2025-11-26 22:12:32,087 - __main__ - INFO - Database directory initialized: data
2025-11-26 22:12:32,088 - __main__ - INFO - Database schema initialized successfully
2025-11-26 22:12:32,139 - __main__ - INFO - Retrieved summary with 1 uploads
2025-11-26 23:01:35,461 - __main__ - INFO - Application started
2025-11-26 23:01:35,462 - __main__ - INFO - Application started
2025-11-26 23:01:35,476 - __main__ - INFO - Getting upload summary from data\sox.db
2025-11-26 23:01:35,477 - __main__ - INFO - Database directory initialized: data
2025-11-26 23:01:35,480 - __main__ - INFO - Database schema initialized successfully for data\sox.db
2025-11-26 23:01:35,544 - __main__ - INFO - Retrieved summary with 1 uploads from data\sox.db
2025-11-26 23:01:36,043 - __main__ - INFO - Getting upload summary from data\sox.db
2025-11-26 23:01:36,043 - __main__ - INFO - Database directory initialized: data
2025-11-26 23:01:36,044 - __main__ - INFO - Database schema initialized successfully for data\sox.db
2025-11-26 23:01:36,086 - __main__ - INFO - Retrieved summary with 1 uploads from data\sox.db
2025-11-26 23:01:49,250 - __main__ - INFO - Application started
2025-11-26 23:01:49,258 - __main__ - INFO - Database file does not exist yet: data\MicsSA.db
2025-11-26 23:02:30,666 - __main__ - INFO - Application started
2025-11-26 23:02:30,672 - __main__ - INFO - Getting upload summary from data\sox.db
2025-11-26 23:02:30,672 - __main__ - INFO - Database directory initialized: data
2025-11-26 23:02:30,674 - __main__ - INFO - Database schema initialized successfully for data\sox.db
2025-11-26 23:02:30,723 - __main__ - INFO - Retrieved summary with 1 uploads from data\sox.db
2025-11-26 23:05:58,217 - __main__ - INFO - Application started
2025-11-26 23:05:58,225 - __main__ - INFO - Database file does not exist yet: data\MicsSA.db
2025-11-26 23:05:58,229 - __main__ - INFO - Loading all data from data\MicsSA.db
2025-11-26 23:05:58,230 - __main__ - INFO - Database directory initialized: data
2025-11-26 23:05:58,278 - __main__ - INFO - Database schema initialized successfully for data\MicsSA.db
2025-11-26 23:05:58,286 - __main__ - INFO - Loaded 0 rows from data\MicsSA.db
2025-11-26 23:06:20,657 - __main__ - INFO - Application started
2025-11-26 23:06:20,667 - __main__ - INFO - Getting upload summary from data\sox.db
2025-11-26 23:06:20,667 - __main__ - INFO - Database directory initialized: data
2025-11-26 23:06:20,669 - __main__ - INFO - Database schema initialized successfully for data\sox.db
2025-11-26 23:06:20,707 - __main__ - INFO - Retrieved summary with 1 uploads from data\sox.db
2025-11-26 23:06:20,714 - __main__ - INFO - Loading all data from data\sox.db
2025-11-26 23:06:20,715 - __main__ - INFO - Database directory initialized: data
2025-11-26 23:06:20,716 - __main__ - INFO - Database schema initialized successfully for data\sox.db
2025-11-26 23:06:20,940 - __main__ - INFO - Loaded 31113 rows from data\sox.db
2025-11-26 23:06:21,107 - __main__ - INFO - Preparing download files
2025-11-26 23:06:21,250 - __main__ - INFO - Converting DataFrame to Excel: 31113 rows
2025-11-26 23:06:26,492 - __main__ - INFO - Excel conversion successful
2025-11-26 23:06:26,513 - __main__ - INFO - Download buttons prepared successfully
2025-11-26 23:09:39,569 - __main__ - INFO - Application started
2025-11-26 23:09:39,580 - __main__ - INFO - Getting upload summary from data\sox.db
2025-11-26 23:09:39,582 - __main__ - INFO - Database directory initialized: data
2025-11-26 23:09:39,583 - __main__ - INFO - Database schema initialized successfully for data\sox.db
2025-11-26 23:09:39,660 - __main__ - INFO - Retrieved summary with 1 uploads from data\sox.db
2025-11-26 23:09:53,021 - __main__ - INFO - Application started
2025-11-26 23:09:53,029 - __main__ - INFO - Getting upload summary from data\sox.db
2025-11-26 23:09:53,030 - __main__ - INFO - Database directory initialized: data
2025-11-26 23:09:53,033 - __main__ - INFO - Database schema initialized successfully for data\sox.db
2025-11-26 23:09:53,073 - __main__ - INFO - Retrieved summary with 1 uploads from data\sox.db
2025-11-26 23:09:53,135 - __main__ - INFO - Application started
2025-11-26 23:09:53,139 - __main__ - INFO - Database file does not exist yet: data\MicsTickets.db
2025-11-26 23:14:01,673 - __main__ - INFO - Application started
2025-11-26 23:14:01,684 - __main__ - INFO - Getting upload summary from data\sox.db
2025-11-26 23:14:01,685 - __main__ - INFO - Database directory initialized: data
2025-11-26 23:14:01,686 - __main__ - INFO - Database schema initialized successfully for data\sox.db
2025-11-26 23:14:01,760 - __main__ - INFO - Retrieved summary with 1 uploads from data\sox.db
2025-11-26 23:14:19,080 - __main__ - INFO - Application started
2025-11-26 23:14:19,086 - __main__ - INFO - Getting upload summary from data\sox.db
2025-11-26 23:14:19,087 - __main__ - INFO - Database directory initialized: data
2025-11-26 23:14:19,089 - __main__ - INFO - Database schema initialized successfully for data\sox.db
2025-11-26 23:14:19,136 - __main__ - INFO - Retrieved summary with 1 uploads from data\sox.db
2025-11-26 23:14:19,175 - __main__ - INFO - Application started
2025-11-26 23:14:19,182 - __main__ - INFO - Getting upload summary from data\sox.db
2025-11-26 23:14:19,183 - __main__ - INFO - Database directory initialized: data
2025-11-26 23:14:19,183 - __main__ - INFO - Database schema initialized successfully for data\sox.db
2025-11-26 23:14:19,224 - __main__ - INFO - Retrieved summary with 1 uploads from data\sox.db
2025-11-26 23:14:27,573 - __main__ - INFO - Application started
2025-11-26 23:14:27,579 - __main__ - INFO - Getting upload summary from data\sox.db
2025-11-26 23:14:27,580 - __main__ - INFO - Database directory initialized: data
2025-11-26 23:14:27,582 - __main__ - INFO - Database schema initialized successfully for data\sox.db
2025-11-26 23:14:27,623 - __main__ - INFO - Retrieved summary with 1 uploads from data\sox.db
2025-11-26 23:14:27,668 - __main__ - INFO - Application started
2025-11-26 23:14:27,673 - __main__ - INFO - Database file does not exist yet: data\MicsEffort.db
2025-11-26 23:14:30,577 - __main__ - INFO - Application started
2025-11-26 23:14:30,582 - __main__ - INFO - Database file does not exist yet: data\MicsEffort.db
2025-11-26 23:14:30,623 - __main__ - INFO - Application started
2025-11-26 23:14:30,628 - __main__ - INFO - Getting upload summary from data\MicsSA.db
2025-11-26 23:14:30,628 - __main__ - INFO - Database directory initialized: data
2025-11-26 23:14:30,630 - __main__ - INFO - Database schema initialized successfully for data\MicsSA.db
2025-11-26 23:14:30,632 - __main__ - INFO - Retrieved summary with 0 uploads from data\MicsSA.db
2025-11-26 23:14:42,573 - __main__ - INFO - Application started
2025-11-26 23:14:42,579 - __main__ - INFO - Getting upload summary from data\MicsSA.db
2025-11-26 23:14:42,580 - __main__ - INFO - Database directory initialized: data
2025-11-26 23:14:42,582 - __main__ - INFO - Database schema initialized successfully for data\MicsSA.db
2025-11-26 23:14:42,585 - __main__ - INFO - Retrieved summary with 0 uploads from data\MicsSA.db
2025-11-26 23:14:42,623 - __main__ - INFO - Application started
2025-11-26 23:14:42,626 - __main__ - INFO - Database file does not exist yet: data\MicsEffort.db
2025-11-26 23:29:06,097 - __main__ - INFO - Application started
2025-11-26 23:29:06,102 - __main__ - INFO - Database file does not exist yet: data\MicsEffort.db
2025-11-26 23:29:06,150 - __main__ - INFO - Application started
2025-11-26 23:29:06,156 - __main__ - INFO - Database file does not exist yet: data\MicsTickets.db
2025-11-26 23:29:25,434 - __main__ - INFO - Application started
2025-11-26 23:29:25,443 - __main__ - INFO - Loading Excel file: sc_req_item.xlsx
2025-11-26 23:29:25,840 - __main__ - INFO - Excel validation passed: 290 rows, 22 columns
2025-11-26 23:29:25,843 - __main__ - INFO - Excel file loaded successfully: 290 rows
2025-11-26 23:29:25,844 - __main__ - INFO - Database file does not exist yet: data\MicsTickets.db
2025-11-26 23:29:25,863 - __main__ - INFO - Preparing download files
2025-11-26 23:29:25,868 - __main__ - INFO - Converting DataFrame to Excel: 290 rows
2025-11-26 23:29:26,028 - __main__ - INFO - Excel conversion successful
2025-11-26 23:29:26,031 - __main__ - INFO - Download buttons prepared successfully
2025-11-26 23:29:30,524 - __main__ - INFO - Application started
2025-11-26 23:29:30,532 - __main__ - INFO - Database file does not exist yet: data\MicsTickets.db
2025-11-26 23:29:30,534 - __main__ - INFO - Attempting to save file 'sc_req_item.xlsx' with 290 rows to data\MicsTickets.db
2025-11-26 23:29:30,535 - __main__ - INFO - Database directory initialized: data
2025-11-26 23:29:30,580 - __main__ - INFO - Database schema initialized successfully for data\MicsTickets.db
2025-11-26 23:29:30,588 - __main__ - ERROR - Error saving to database data\MicsTickets.db: table tickets has no column named Number
Traceback (most recent call last):
  File "C:\Users\QBA Consultoria\Documents\my-project\Sox Dashboards\app.py", line 120, in save_to_db
    df2.to_sql(table_name, conn, if_exists="append", index=False)
  File "C:\Users\QBA Consultoria\AppData\Local\Programs\Python\Python311\Lib\site-packages\pandas\util\_decorators.py", line 333, in wrapper
    return func(*args, **kwargs)
           ^^^^^^^^^^^^^^^^^^^^^
  File "C:\Users\QBA Consultoria\AppData\Local\Programs\Python\Python311\Lib\site-packages\pandas\core\generic.py", line 3008, in to_sql
    return sql.to_sql(
           ^^^^^^^^^^^
  File "C:\Users\QBA Consultoria\AppData\Local\Programs\Python\Python311\Lib\site-packages\pandas\io\sql.py", line 788, in to_sql
    return pandas_sql.to_sql(
           ^^^^^^^^^^^^^^^^^^
  File "C:\Users\QBA Consultoria\AppData\Local\Programs\Python\Python311\Lib\site-packages\pandas\io\sql.py", line 2439, in to_sql
    return table.insert(chunksize, method)
           ^^^^^^^^^^^^^^^^^^^^^^^^^^^^^^^
  File "C:\Users\QBA Consultoria\AppData\Local\Programs\Python\Python311\Lib\site-packages\pandas\io\sql.py", line 1059, in insert
    num_inserted = exec_insert(conn, keys, chunk_iter)
                   ^^^^^^^^^^^^^^^^^^^^^^^^^^^^^^^^^^^
  File "C:\Users\QBA Consultoria\AppData\Local\Programs\Python\Python311\Lib\site-packages\pandas\io\sql.py", line 2135, in _execute_insert
    conn.executemany(self.insert_statement(num_rows=1), data_list)
sqlite3.OperationalError: table tickets has no column named Number
2025-11-26 23:29:30,660 - __main__ - ERROR - Failed to save upload to database
2025-11-26 23:29:30,681 - __main__ - INFO - Preparing download files
2025-11-26 23:29:30,686 - __main__ - INFO - Converting DataFrame to Excel: 290 rows
2025-11-26 23:29:30,862 - __main__ - INFO - Excel conversion successful
2025-11-26 23:29:30,864 - __main__ - INFO - Download buttons prepared successfully
2025-11-26 23:35:07,530 - __main__ - INFO - Application started
2025-11-26 23:35:07,538 - __main__ - INFO - Getting upload summary from data\sox.db
2025-11-26 23:35:07,539 - __main__ - INFO - Database directory initialized: data
2025-11-26 23:35:07,540 - __main__ - INFO - Database schema initialized successfully for data\sox.db (table: controls)
2025-11-26 23:35:07,610 - __main__ - INFO - Retrieved summary with 1 uploads from data\sox.db
2025-11-26 23:35:11,790 - __main__ - INFO - Application started
2025-11-26 23:35:11,798 - __main__ - INFO - Getting upload summary from data\sox.db
2025-11-26 23:35:11,799 - __main__ - INFO - Database directory initialized: data
2025-11-26 23:35:11,801 - __main__ - INFO - Database schema initialized successfully for data\sox.db (table: controls)
2025-11-26 23:35:11,848 - __main__ - INFO - Retrieved summary with 1 uploads from data\sox.db
2025-11-26 23:35:11,900 - __main__ - INFO - Application started
2025-11-26 23:35:11,907 - __main__ - INFO - Database file does not exist yet: data\MicsTickets.db
2025-11-26 23:35:20,347 - __main__ - INFO - Application started
2025-11-26 23:35:20,352 - __main__ - INFO - Loading Excel file: sc_req_item.xlsx
2025-11-26 23:35:20,458 - __main__ - INFO - Excel validation passed: 290 rows, 22 columns
2025-11-26 23:35:20,459 - __main__ - INFO - Excel file loaded successfully: 290 rows, 22 columns
2025-11-26 23:35:20,460 - __main__ - INFO - Columns: ['Number', 'Active', 'State', 'Approval', 'Item', 'Catalogs', 'Created', 'Assignment group', 'Assigned to', 'Short description', 'On Behalf of', 'Request', 'Email', 'Approval set', 'Descripción', 'Tipo de Solicitud N2', 'Tipo de usuario', 'Employee number', 'ID (a 8 digitos)', 'Preferred Zone', 'Country code', 'KB Number']
2025-11-26 23:35:20,461 - __main__ - INFO - Database file does not exist yet: data\MicsTickets.db
2025-11-26 23:35:20,492 - __main__ - INFO - Preparing download files
2025-11-26 23:35:20,497 - __main__ - INFO - Converting DataFrame to Excel: 290 rows
2025-11-26 23:35:20,668 - __main__ - INFO - Excel conversion successful
2025-11-26 23:35:20,673 - __main__ - INFO - Download buttons prepared successfully
2025-11-26 23:35:27,081 - __main__ - INFO - Application started
2025-11-26 23:35:27,091 - __main__ - INFO - Database file does not exist yet: data\MicsTickets.db
2025-11-26 23:35:27,094 - __main__ - INFO - Attempting to save file 'sc_req_item.xlsx' with 290 rows to data\MicsTickets.db
2025-11-26 23:35:27,094 - __main__ - INFO - Database directory initialized: data
2025-11-26 23:35:27,106 - __main__ - INFO - Database schema initialized successfully for data\MicsTickets.db (table: tickets)
2025-11-26 23:35:27,124 - __main__ - INFO - Successfully saved upload 9fa56889-7da0-41d6-ac4a-5ec84dae6d83 with 290 rows to data\MicsTickets.db
2025-11-26 23:35:27,128 - __main__ - INFO - Loading data for upload_id: 9fa56889-7da0-41d6-ac4a-5ec84dae6d83 from data\MicsTickets.db
2025-11-26 23:35:27,129 - __main__ - INFO - Database directory initialized: data
2025-11-26 23:35:27,131 - __main__ - INFO - Database schema initialized successfully for data\MicsTickets.db (table: tickets)
2025-11-26 23:35:27,136 - __main__ - INFO - Loaded 290 rows for upload_id: 9fa56889-7da0-41d6-ac4a-5ec84dae6d83 from data\MicsTickets.db
2025-11-26 23:35:27,164 - __main__ - INFO - Preparing download files
2025-11-26 23:35:27,167 - __main__ - INFO - Converting DataFrame to Excel: 290 rows
2025-11-26 23:35:27,307 - __main__ - INFO - Excel conversion successful
2025-11-26 23:35:27,310 - __main__ - INFO - Download buttons prepared successfully
2025-11-26 23:35:53,437 - __main__ - INFO - Application started
2025-11-26 23:35:53,442 - __main__ - INFO - Getting upload summary from data\MicsTickets.db
2025-11-26 23:35:53,443 - __main__ - INFO - Database directory initialized: data
2025-11-26 23:35:53,444 - __main__ - INFO - Database schema initialized successfully for data\MicsTickets.db (table: tickets)
2025-11-26 23:35:53,447 - __main__ - INFO - Retrieved summary with 1 uploads from data\MicsTickets.db
2025-11-26 23:35:53,449 - __main__ - INFO - Attempting to save file 'sc_req_item.xlsx' with 290 rows to data\MicsTickets.db
2025-11-26 23:35:53,449 - __main__ - INFO - Database directory initialized: data
2025-11-26 23:35:53,451 - __main__ - INFO - Database schema initialized successfully for data\MicsTickets.db (table: tickets)
2025-11-26 23:35:53,470 - __main__ - INFO - Successfully saved upload ac5a6604-6a87-454b-941a-c14fe274899e with 290 rows to data\MicsTickets.db
2025-11-26 23:35:53,474 - __main__ - INFO - Loading data for upload_id: ac5a6604-6a87-454b-941a-c14fe274899e from data\MicsTickets.db
2025-11-26 23:35:53,476 - __main__ - INFO - Database directory initialized: data
2025-11-26 23:35:53,478 - __main__ - INFO - Database schema initialized successfully for data\MicsTickets.db (table: tickets)
2025-11-26 23:35:53,482 - __main__ - INFO - Loaded 290 rows for upload_id: ac5a6604-6a87-454b-941a-c14fe274899e from data\MicsTickets.db
2025-11-26 23:35:53,502 - __main__ - INFO - Preparing download files
2025-11-26 23:35:53,505 - __main__ - INFO - Converting DataFrame to Excel: 290 rows
2025-11-26 23:35:53,653 - __main__ - INFO - Excel conversion successful
2025-11-26 23:35:53,656 - __main__ - INFO - Download buttons prepared successfully
2025-11-26 23:35:59,452 - __main__ - INFO - Application started
2025-11-26 23:35:59,462 - __main__ - INFO - Getting upload summary from data\MicsTickets.db
2025-11-26 23:35:59,463 - __main__ - INFO - Database directory initialized: data
2025-11-26 23:35:59,464 - __main__ - INFO - Database schema initialized successfully for data\MicsTickets.db (table: tickets)
2025-11-26 23:35:59,465 - __main__ - INFO - Retrieved summary with 2 uploads from data\MicsTickets.db
2025-11-26 23:35:59,470 - __main__ - INFO - Loading data for upload_id: ac5a6604-6a87-454b-941a-c14fe274899e from data\MicsTickets.db
2025-11-26 23:35:59,470 - __main__ - INFO - Database directory initialized: data
2025-11-26 23:35:59,471 - __main__ - INFO - Database schema initialized successfully for data\MicsTickets.db (table: tickets)
2025-11-26 23:35:59,476 - __main__ - INFO - Loaded 290 rows for upload_id: ac5a6604-6a87-454b-941a-c14fe274899e from data\MicsTickets.db
2025-11-26 23:35:59,494 - __main__ - INFO - Preparing download files
2025-11-26 23:35:59,496 - __main__ - INFO - Converting DataFrame to Excel: 290 rows
2025-11-26 23:35:59,633 - __main__ - INFO - Excel conversion successful
2025-11-26 23:35:59,636 - __main__ - INFO - Download buttons prepared successfully
2025-11-26 23:36:11,614 - __main__ - INFO - Application started
2025-11-26 23:36:11,626 - __main__ - INFO - Getting upload summary from data\MicsTickets.db
2025-11-26 23:36:11,626 - __main__ - INFO - Database directory initialized: data
2025-11-26 23:36:11,627 - __main__ - INFO - Database schema initialized successfully for data\MicsTickets.db (table: tickets)
2025-11-26 23:36:11,629 - __main__ - INFO - Retrieved summary with 2 uploads from data\MicsTickets.db
2025-11-26 23:36:11,634 - __main__ - INFO - Loading data for upload_id: ac5a6604-6a87-454b-941a-c14fe274899e from data\MicsTickets.db
2025-11-26 23:36:11,634 - __main__ - INFO - Database directory initialized: data
2025-11-26 23:36:11,635 - __main__ - INFO - Database schema initialized successfully for data\MicsTickets.db (table: tickets)
2025-11-26 23:36:11,640 - __main__ - INFO - Loaded 290 rows for upload_id: ac5a6604-6a87-454b-941a-c14fe274899e from data\MicsTickets.db
2025-11-26 23:36:11,662 - __main__ - INFO - Preparing download files
2025-11-26 23:36:11,665 - __main__ - INFO - Converting DataFrame to Excel: 290 rows
2025-11-26 23:36:11,794 - __main__ - INFO - Excel conversion successful
2025-11-26 23:36:11,796 - __main__ - INFO - Download buttons prepared successfully
2025-11-26 23:36:13,320 - __main__ - INFO - Application started
2025-11-26 23:36:13,329 - __main__ - INFO - Getting upload summary from data\MicsTickets.db
2025-11-26 23:36:13,330 - __main__ - INFO - Database directory initialized: data
2025-11-26 23:36:13,332 - __main__ - INFO - Database schema initialized successfully for data\MicsTickets.db (table: tickets)
2025-11-26 23:36:13,335 - __main__ - INFO - Retrieved summary with 2 uploads from data\MicsTickets.db
2025-11-26 23:36:13,342 - __main__ - INFO - Loading data for upload_id: ac5a6604-6a87-454b-941a-c14fe274899e from data\MicsTickets.db
2025-11-26 23:36:13,342 - __main__ - INFO - Database directory initialized: data
2025-11-26 23:36:13,344 - __main__ - INFO - Database schema initialized successfully for data\MicsTickets.db (table: tickets)
2025-11-26 23:36:13,349 - __main__ - INFO - Loaded 290 rows for upload_id: ac5a6604-6a87-454b-941a-c14fe274899e from data\MicsTickets.db
2025-11-26 23:36:13,369 - __main__ - INFO - Preparing download files
2025-11-26 23:36:13,372 - __main__ - INFO - Converting DataFrame to Excel: 290 rows
2025-11-26 23:36:13,521 - __main__ - INFO - Excel conversion successful
2025-11-26 23:36:13,524 - __main__ - INFO - Download buttons prepared successfully
2025-11-26 23:39:49,651 - __main__ - INFO - Application started
2025-11-26 23:39:49,658 - __main__ - INFO - Getting upload summary from data\sox.db
2025-11-26 23:39:49,658 - __main__ - INFO - Database directory initialized: data
2025-11-26 23:39:49,659 - __main__ - INFO - Database schema initialized successfully for data\sox.db (table: controls)
2025-11-26 23:39:49,730 - __main__ - INFO - Retrieved summary with 1 uploads from data\sox.db
2025-11-26 23:39:54,393 - __main__ - INFO - Application started
2025-11-26 23:39:54,399 - __main__ - INFO - Getting upload summary from data\sox.db
2025-11-26 23:39:54,399 - __main__ - INFO - Database directory initialized: data
2025-11-26 23:39:54,401 - __main__ - INFO - Database schema initialized successfully for data\sox.db (table: controls)
2025-11-26 23:39:54,447 - __main__ - INFO - Retrieved summary with 1 uploads from data\sox.db
2025-11-26 23:39:54,497 - __main__ - INFO - Application started
2025-11-26 23:39:54,501 - __main__ - INFO - Getting upload summary from data\MicsTickets.db
2025-11-26 23:39:54,502 - __main__ - INFO - Database directory initialized: data
2025-11-26 23:39:54,503 - __main__ - INFO - Database schema initialized successfully for data\MicsTickets.db (table: tickets)
2025-11-26 23:39:54,505 - __main__ - INFO - Retrieved summary with 2 uploads from data\MicsTickets.db
2025-11-26 23:40:06,006 - __main__ - INFO - Application started
2025-11-26 23:40:06,014 - __main__ - INFO - Getting upload summary from data\MicsTickets.db
2025-11-26 23:40:06,014 - __main__ - INFO - Database directory initialized: data
2025-11-26 23:40:06,015 - __main__ - INFO - Database schema initialized successfully for data\MicsTickets.db (table: tickets)
2025-11-26 23:40:06,017 - __main__ - INFO - Retrieved summary with 2 uploads from data\MicsTickets.db
2025-11-26 23:40:08,161 - __main__ - INFO - Application started
2025-11-26 23:40:08,169 - __main__ - INFO - Getting upload summary from data\MicsTickets.db
2025-11-26 23:40:08,170 - __main__ - INFO - Database directory initialized: data
2025-11-26 23:40:08,172 - __main__ - INFO - Database schema initialized successfully for data\MicsTickets.db (table: tickets)
2025-11-26 23:40:08,175 - __main__ - INFO - Retrieved summary with 2 uploads from data\MicsTickets.db
2025-11-26 23:40:08,182 - __main__ - INFO - Loading data for upload_id: ac5a6604-6a87-454b-941a-c14fe274899e from data\MicsTickets.db
2025-11-26 23:40:08,182 - __main__ - INFO - Database directory initialized: data
2025-11-26 23:40:08,184 - __main__ - INFO - Database schema initialized successfully for data\MicsTickets.db (table: tickets)
2025-11-26 23:40:08,189 - __main__ - INFO - Loaded 290 rows for upload_id: ac5a6604-6a87-454b-941a-c14fe274899e from data\MicsTickets.db
2025-11-26 23:40:08,207 - __main__ - INFO - Preparing download files
2025-11-26 23:40:08,210 - __main__ - INFO - Converting DataFrame to Excel: 290 rows
2025-11-26 23:40:08,337 - __main__ - INFO - Excel conversion successful
2025-11-26 23:40:08,342 - __main__ - INFO - Download buttons prepared successfully
2025-11-26 23:40:08,832 - __main__ - INFO - Preparing download files for tickets
2025-11-26 23:40:08,835 - __main__ - INFO - Converting DataFrame to Excel: 290 rows
2025-11-26 23:40:08,981 - __main__ - INFO - Excel conversion successful
2025-11-26 23:40:08,983 - __main__ - INFO - Download buttons prepared successfully for tickets
2025-11-26 23:41:36,568 - __main__ - INFO - Application started
2025-11-26 23:41:36,576 - __main__ - INFO - Getting upload summary from data\MicsTickets.db
2025-11-26 23:41:36,578 - __main__ - INFO - Database directory initialized: data
2025-11-26 23:41:36,579 - __main__ - INFO - Database schema initialized successfully for data\MicsTickets.db (table: tickets)
2025-11-26 23:41:36,580 - __main__ - INFO - Retrieved summary with 2 uploads from data\MicsTickets.db
2025-11-26 23:41:36,584 - __main__ - INFO - Loading data for upload_id: ac5a6604-6a87-454b-941a-c14fe274899e from data\MicsTickets.db
2025-11-26 23:41:36,584 - __main__ - INFO - Database directory initialized: data
2025-11-26 23:41:36,586 - __main__ - INFO - Database schema initialized successfully for data\MicsTickets.db (table: tickets)
2025-11-26 23:41:36,591 - __main__ - INFO - Loaded 290 rows for upload_id: ac5a6604-6a87-454b-941a-c14fe274899e from data\MicsTickets.db
2025-11-26 23:41:36,609 - __main__ - INFO - Preparing download files
2025-11-26 23:41:36,612 - __main__ - INFO - Converting DataFrame to Excel: 290 rows
2025-11-26 23:41:36,767 - __main__ - INFO - Excel conversion successful
2025-11-26 23:41:36,770 - __main__ - INFO - Download buttons prepared successfully
2025-11-26 23:41:36,844 - __main__ - INFO - Preparing download files for tickets
2025-11-26 23:41:36,848 - __main__ - INFO - Converting DataFrame to Excel: 290 rows
2025-11-26 23:41:37,019 - __main__ - INFO - Excel conversion successful
2025-11-26 23:41:37,021 - __main__ - INFO - Download buttons prepared successfully for tickets
2025-11-26 23:41:38,823 - __main__ - INFO - Application started
2025-11-26 23:41:38,833 - __main__ - INFO - Getting upload summary from data\MicsTickets.db
2025-11-26 23:41:38,834 - __main__ - INFO - Database directory initialized: data
2025-11-26 23:41:38,835 - __main__ - INFO - Database schema initialized successfully for data\MicsTickets.db (table: tickets)
2025-11-26 23:41:38,837 - __main__ - INFO - Retrieved summary with 2 uploads from data\MicsTickets.db
2025-11-26 23:41:38,843 - __main__ - INFO - Deleting upload_id: 9fa56889-7da0-41d6-ac4a-5ec84dae6d83 from data\MicsTickets.db
2025-11-26 23:41:38,844 - __main__ - INFO - Database directory initialized: data
2025-11-26 23:41:38,845 - __main__ - INFO - Database schema initialized successfully for data\MicsTickets.db (table: tickets)
2025-11-26 23:41:38,858 - __main__ - INFO - Deleted 290 rows for upload_id: 9fa56889-7da0-41d6-ac4a-5ec84dae6d83 from data\MicsTickets.db
2025-11-26 23:41:38,858 - __main__ - INFO - Loading data for upload_id: ac5a6604-6a87-454b-941a-c14fe274899e from data\MicsTickets.db
2025-11-26 23:41:38,859 - __main__ - INFO - Database directory initialized: data
2025-11-26 23:41:38,861 - __main__ - INFO - Database schema initialized successfully for data\MicsTickets.db (table: tickets)
2025-11-26 23:41:38,865 - __main__ - INFO - Loaded 290 rows for upload_id: ac5a6604-6a87-454b-941a-c14fe274899e from data\MicsTickets.db
2025-11-26 23:41:38,884 - __main__ - INFO - Preparing download files
2025-11-26 23:41:38,887 - __main__ - INFO - Converting DataFrame to Excel: 290 rows
2025-11-26 23:41:39,014 - __main__ - INFO - Excel conversion successful
2025-11-26 23:41:39,016 - __main__ - INFO - Download buttons prepared successfully
2025-11-26 23:41:39,086 - __main__ - INFO - Preparing download files for tickets
2025-11-26 23:41:39,089 - __main__ - INFO - Converting DataFrame to Excel: 290 rows
2025-11-26 23:41:39,227 - __main__ - INFO - Excel conversion successful
2025-11-26 23:41:39,229 - __main__ - INFO - Download buttons prepared successfully for tickets
2025-11-26 23:51:52,647 - __main__ - INFO - Application started
2025-11-26 23:51:52,915 - __main__ - INFO - Getting upload summary from data\sox.db
2025-11-26 23:51:52,916 - __main__ - INFO - Database directory initialized: data
2025-11-26 23:51:52,917 - __main__ - INFO - Database schema initialized successfully for data\sox.db (table: controls)
2025-11-26 23:51:52,960 - __main__ - INFO - Retrieved summary with 1 uploads from data\sox.db
2025-11-26 23:52:08,524 - __main__ - INFO - Application started
2025-11-26 23:52:08,530 - __main__ - INFO - Getting upload summary from data\sox.db
2025-11-26 23:52:08,531 - __main__ - INFO - Database directory initialized: data
2025-11-26 23:52:08,533 - __main__ - INFO - Database schema initialized successfully for data\sox.db (table: controls)
2025-11-26 23:52:08,576 - __main__ - INFO - Retrieved summary with 1 uploads from data\sox.db
2025-11-26 23:52:08,618 - __main__ - INFO - Application started
2025-11-26 23:52:08,622 - __main__ - INFO - Getting upload summary from data\MicsTickets.db
2025-11-26 23:52:08,623 - __main__ - INFO - Database directory initialized: data
2025-11-26 23:52:08,624 - __main__ - INFO - Database schema initialized successfully for data\MicsTickets.db (table: tickets)
2025-11-26 23:52:08,626 - __main__ - INFO - Retrieved summary with 1 uploads from data\MicsTickets.db
2025-11-26 23:52:22,070 - __main__ - INFO - Application started
2025-11-26 23:52:22,078 - __main__ - INFO - Getting upload summary from data\MicsTickets.db
2025-11-26 23:52:22,079 - __main__ - INFO - Database directory initialized: data
2025-11-26 23:52:22,080 - __main__ - INFO - Database schema initialized successfully for data\MicsTickets.db (table: tickets)
2025-11-26 23:52:22,081 - __main__ - INFO - Retrieved summary with 1 uploads from data\MicsTickets.db
2025-11-26 23:52:23,526 - __main__ - INFO - Application started
2025-11-26 23:52:23,533 - __main__ - INFO - Getting upload summary from data\MicsTickets.db
2025-11-26 23:52:23,533 - __main__ - INFO - Database directory initialized: data
2025-11-26 23:52:23,535 - __main__ - INFO - Database schema initialized successfully for data\MicsTickets.db (table: tickets)
2025-11-26 23:52:23,536 - __main__ - INFO - Retrieved summary with 1 uploads from data\MicsTickets.db
2025-11-26 23:52:23,543 - __main__ - INFO - Loading data for upload_id: ac5a6604-6a87-454b-941a-c14fe274899e from data\MicsTickets.db
2025-11-26 23:52:23,544 - __main__ - INFO - Database directory initialized: data
2025-11-26 23:52:23,544 - __main__ - INFO - Database schema initialized successfully for data\MicsTickets.db (table: tickets)
2025-11-26 23:52:23,548 - __main__ - INFO - Loaded 290 rows for upload_id: ac5a6604-6a87-454b-941a-c14fe274899e from data\MicsTickets.db
2025-11-26 23:52:23,570 - __main__ - INFO - Preparing download files
2025-11-26 23:52:23,577 - __main__ - INFO - Converting DataFrame to Excel: 290 rows
2025-11-26 23:52:23,756 - __main__ - INFO - Excel conversion successful
2025-11-26 23:52:23,759 - __main__ - INFO - Download buttons prepared successfully
2025-11-26 23:52:24,241 - __main__ - INFO - Preparing download files for tickets
2025-11-26 23:52:24,247 - __main__ - INFO - Converting DataFrame to Excel: 290 rows
2025-11-26 23:52:24,376 - __main__ - INFO - Excel conversion successful
2025-11-26 23:52:24,380 - __main__ - INFO - Download buttons prepared successfully for tickets
2025-11-26 23:52:24,429 - __main__ - INFO - Preparing download files for security tickets
2025-11-26 23:52:24,431 - __main__ - INFO - Converting DataFrame to Excel: 290 rows
2025-11-26 23:52:24,558 - __main__ - INFO - Excel conversion successful
2025-11-26 23:52:24,560 - __main__ - INFO - Download buttons prepared successfully for security tickets
2025-11-26 23:52:24,567 - __main__ - INFO - Preparing download files for security effort
2025-11-26 23:52:24,570 - __main__ - INFO - Converting DataFrame to Excel: 290 rows
2025-11-26 23:52:24,708 - __main__ - INFO - Excel conversion successful
2025-11-26 23:52:24,710 - __main__ - INFO - Download buttons prepared successfully for security effort
2025-11-26 23:58:51,845 - __main__ - INFO - Application started
2025-11-26 23:58:51,855 - __main__ - INFO - Getting upload summary from data\sox.db
2025-11-26 23:58:51,856 - __main__ - INFO - Database directory initialized: data
2025-11-26 23:58:51,857 - __main__ - INFO - Database schema initialized successfully for data\sox.db (table: controls)
2025-11-26 23:58:51,903 - __main__ - INFO - Retrieved summary with 1 uploads from data\sox.db
2025-11-26 23:59:02,851 - __main__ - INFO - Application started
2025-11-26 23:59:02,858 - __main__ - INFO - Getting upload summary from data\sox.db
2025-11-26 23:59:02,859 - __main__ - INFO - Database directory initialized: data
2025-11-26 23:59:02,860 - __main__ - INFO - Database schema initialized successfully for data\sox.db (table: controls)
2025-11-26 23:59:02,901 - __main__ - INFO - Retrieved summary with 1 uploads from data\sox.db
2025-11-26 23:59:02,947 - __main__ - INFO - Application started
2025-11-26 23:59:02,951 - __main__ - INFO - Getting upload summary from data\MicsTickets.db
2025-11-26 23:59:02,952 - __main__ - INFO - Database directory initialized: data
2025-11-26 23:59:02,953 - __main__ - INFO - Database schema initialized successfully for data\MicsTickets.db (table: tickets)
2025-11-26 23:59:02,955 - __main__ - INFO - Retrieved summary with 1 uploads from data\MicsTickets.db
2025-11-26 23:59:10,462 - __main__ - INFO - Application started
2025-11-26 23:59:10,470 - __main__ - INFO - Getting upload summary from data\MicsTickets.db
2025-11-26 23:59:10,472 - __main__ - INFO - Database directory initialized: data
2025-11-26 23:59:10,473 - __main__ - INFO - Database schema initialized successfully for data\MicsTickets.db (table: tickets)
2025-11-26 23:59:10,475 - __main__ - INFO - Retrieved summary with 1 uploads from data\MicsTickets.db
2025-11-26 23:59:10,482 - __main__ - INFO - Loading all data from data\MicsTickets.db
2025-11-26 23:59:10,482 - __main__ - INFO - Database directory initialized: data
2025-11-26 23:59:10,484 - __main__ - INFO - Database schema initialized successfully for data\MicsTickets.db (table: tickets)
2025-11-26 23:59:10,490 - __main__ - INFO - Loaded 290 rows from data\MicsTickets.db
2025-11-26 23:59:10,514 - __main__ - INFO - Preparing download files
2025-11-26 23:59:10,517 - __main__ - INFO - Converting DataFrame to Excel: 290 rows
2025-11-26 23:59:10,660 - __main__ - INFO - Excel conversion successful
2025-11-26 23:59:10,662 - __main__ - INFO - Download buttons prepared successfully
2025-11-26 23:59:10,806 - __main__ - INFO - Preparing download files for tickets
2025-11-26 23:59:10,811 - __main__ - INFO - Converting DataFrame to Excel: 290 rows
2025-11-26 23:59:10,961 - __main__ - INFO - Excel conversion successful
2025-11-26 23:59:10,963 - __main__ - INFO - Download buttons prepared successfully for tickets
2025-11-26 23:59:11,026 - __main__ - INFO - Preparing download files for security tickets
2025-11-26 23:59:11,030 - __main__ - INFO - Converting DataFrame to Excel: 290 rows
2025-11-26 23:59:11,190 - __main__ - INFO - Excel conversion successful
2025-11-26 23:59:11,192 - __main__ - INFO - Download buttons prepared successfully for security tickets
2025-11-26 23:59:11,202 - __main__ - INFO - Preparing download files for security effort
2025-11-26 23:59:11,206 - __main__ - INFO - Converting DataFrame to Excel: 290 rows
2025-11-26 23:59:11,345 - __main__ - INFO - Excel conversion successful
2025-11-26 23:59:11,347 - __main__ - INFO - Download buttons prepared successfully for security effort
2025-11-27 00:01:44,090 - __main__ - INFO - Application started
2025-11-27 00:01:44,098 - __main__ - INFO - Getting upload summary from data\sox.db
2025-11-27 00:01:44,099 - __main__ - INFO - Database directory initialized: data
2025-11-27 00:01:44,100 - __main__ - INFO - Database schema initialized successfully for data\sox.db (table: controls)
2025-11-27 00:01:44,158 - __main__ - INFO - Retrieved summary with 1 uploads from data\sox.db
2025-11-27 00:01:47,925 - __main__ - INFO - Application started
2025-11-27 00:01:47,929 - __main__ - INFO - Getting upload summary from data\sox.db
2025-11-27 00:01:47,930 - __main__ - INFO - Database directory initialized: data
2025-11-27 00:01:47,931 - __main__ - INFO - Database schema initialized successfully for data\sox.db (table: controls)
2025-11-27 00:01:47,971 - __main__ - INFO - Retrieved summary with 1 uploads from data\sox.db
2025-11-27 00:01:48,024 - __main__ - INFO - Application started
2025-11-27 00:01:48,029 - __main__ - INFO - Getting upload summary from data\MicsTickets.db
2025-11-27 00:01:48,030 - __main__ - INFO - Database directory initialized: data
2025-11-27 00:01:48,031 - __main__ - INFO - Database schema initialized successfully for data\MicsTickets.db (table: tickets)
2025-11-27 00:01:48,034 - __main__ - INFO - Retrieved summary with 1 uploads from data\MicsTickets.db
2025-11-27 00:01:53,915 - __main__ - INFO - Application started
2025-11-27 00:01:53,921 - __main__ - INFO - Getting upload summary from data\MicsTickets.db
2025-11-27 00:01:53,922 - __main__ - INFO - Database directory initialized: data
2025-11-27 00:01:53,924 - __main__ - INFO - Database schema initialized successfully for data\MicsTickets.db (table: tickets)
2025-11-27 00:01:53,926 - __main__ - INFO - Retrieved summary with 1 uploads from data\MicsTickets.db
2025-11-27 00:01:53,929 - __main__ - INFO - Loading all data from data\MicsTickets.db
2025-11-27 00:01:53,930 - __main__ - INFO - Database directory initialized: data
2025-11-27 00:01:53,931 - __main__ - INFO - Database schema initialized successfully for data\MicsTickets.db (table: tickets)
2025-11-27 00:01:53,938 - __main__ - INFO - Loaded 290 rows from data\MicsTickets.db
2025-11-27 00:01:53,960 - __main__ - INFO - Preparing download files
2025-11-27 00:01:53,967 - __main__ - INFO - Converting DataFrame to Excel: 290 rows
2025-11-27 00:01:54,095 - __main__ - INFO - Excel conversion successful
2025-11-27 00:01:54,098 - __main__ - INFO - Download buttons prepared successfully
2025-11-27 00:01:54,214 - __main__ - INFO - Preparing download files for tickets
2025-11-27 00:01:54,219 - __main__ - INFO - Converting DataFrame to Excel: 290 rows
2025-11-27 00:01:54,377 - __main__ - INFO - Excel conversion successful
2025-11-27 00:01:54,379 - __main__ - INFO - Download buttons prepared successfully for tickets
2025-11-27 00:01:54,427 - __main__ - INFO - Preparing download files for security tickets
2025-11-27 00:01:54,431 - __main__ - INFO - Converting DataFrame to Excel: 290 rows
2025-11-27 00:01:54,568 - __main__ - INFO - Excel conversion successful
2025-11-27 00:01:54,570 - __main__ - INFO - Download buttons prepared successfully for security tickets
2025-11-27 00:01:54,579 - __main__ - INFO - Preparing download files for security effort
2025-11-27 00:01:54,583 - __main__ - INFO - Converting DataFrame to Excel: 290 rows
2025-11-27 00:01:54,724 - __main__ - INFO - Excel conversion successful
2025-11-27 00:01:54,727 - __main__ - INFO - Download buttons prepared successfully for security effort
